app/build/intermediates/manifest_merge_blame_file/debug/manifest-merger-blame-debug-report.txt
1<?xml version="1.0" encoding="utf-8"?>
2<manifest xmlns:android="http://schemas.android.com/apk/res/android"
3    package="com.example.blinpipetstosamoyezadaniye"
4    android:versionCode="1"
5    android:versionName="1.0" >
6
7    <uses-sdk
8        android:minSdkVersion="26"
8-->src\main\AndroidManifest.xml
9        android:targetSdkVersion="31" />
9-->src\main\AndroidManifest.xml
10
11    <application
11-->src\main\AndroidManifest.xml:5:5-36:19
12        android:allowBackup="true"
12-->src\main\AndroidManifest.xml:6:9-35
13        android:appComponentFactory="androidx.core.app.CoreComponentFactory"
13-->[androidx.core:core:1.5.0] AndroidManifest.xml:24:18-86
14        android:debuggable="true"
15        android:extractNativeLibs="false"
16        android:icon="@mipmap/ic_launcher"
16-->src\main\AndroidManifest.xml:7:9-43
17        android:label="@string/app_name"
17-->src\main\AndroidManifest.xml:8:9-41
18        android:roundIcon="@mipmap/ic_launcher_round"
18-->src\main\AndroidManifest.xml:9:9-54
19        android:supportsRtl="true"
19-->src\main\AndroidManifest.xml:10:9-35
20        android:testOnly="true"
21        android:theme="@style/Theme.Blinpipetstosamoyezadaniye" >
21-->src\main\AndroidManifest.xml:11:9-64
22        <activity
22-->src\main\AndroidManifest.xml:12:9-14:40
23            android:name="com.example.blinpipetstosamoyezadaniye.Final"
23-->src\main\AndroidManifest.xml:13:13-34
24            android:exported="false" />
24-->src\main\AndroidManifest.xml:14:13-37
25        <activity
25-->src\main\AndroidManifest.xml:15:9-17:40
26            android:name="com.example.blinpipetstosamoyezadaniye.MainActivity4"
26-->src\main\AndroidManifest.xml:16:13-42
27            android:exported="false" />
27-->src\main\AndroidManifest.xml:17:13-37
28        <activity
28-->src\main\AndroidManifest.xml:18:9-21:52
29            android:name="com.example.blinpipetstosamoyezadaniye.MainActivity3"
29-->src\main\AndroidManifest.xml:19:13-42
30            android:exported="false"
30-->src\main\AndroidManifest.xml:20:13-37
31            android:screenOrientation="portrait" />
31-->src\main\AndroidManifest.xml:21:13-49
32        <activity
32-->src\main\AndroidManifest.xml:22:9-25:52
33            android:name="com.example.blinpipetstosamoyezadaniye.MainActivity2"
33-->src\main\AndroidManifest.xml:23:13-42
34            android:exported="false"
34-->src\main\AndroidManifest.xml:24:13-37
35            android:screenOrientation="portrait" />
35-->src\main\AndroidManifest.xml:25:13-49
36        <activity
36-->src\main\AndroidManifest.xml:26:9-35:20
37            android:name="com.example.blinpipetstosamoyezadaniye.MainActivity"
37-->src\main\AndroidManifest.xml:27:13-41
38            android:exported="true"
38-->src\main\AndroidManifest.xml:28:13-36
39            android:screenOrientation="portrait" >
39-->src\main\AndroidManifest.xml:29:13-49
40            <intent-filter>
40-->src\main\AndroidManifest.xml:30:13-34:29
41                <action android:name="android.intent.action.MAIN" />
41-->src\main\AndroidManifest.xml:31:17-69
41-->src\main\AndroidManifest.xml:31:25-66
42
43                <category android:name="android.intent.category.LAUNCHER" />
43-->src\main\AndroidManifest.xml:33:17-77
43-->src\main\AndroidManifest.xml:33:27-74
44            </intent-filter>
45        </activity>
46    </application>
47
48</manifest>